  Derivative_main.cpp
D:\Programming\C++\Derivative_Calculus\Derivative\Derivative_main.cpp(28,18): warning C4244: '=': conversion from 'int' to 'float', possible loss of data
D:\Programming\C++\Derivative_Calculus\Derivative\Derivative_main.cpp(134,23): warning C4018: '<': signed/unsigned mismatch
D:\Programming\C++\Derivative_Calculus\Derivative\Derivative_main.cpp(437,21): warning C4018: '<': signed/unsigned mismatch
D:\Programming\C++\Derivative_Calculus\Derivative\Derivative_main.cpp(449,29): warning C4018: '<': signed/unsigned mismatch
D:\Programming\C++\Derivative_Calculus\Derivative\Derivative_main.cpp(468,21): warning C4018: '<': signed/unsigned mismatch
D:\Programming\C++\Derivative_Calculus\Derivative\Derivative_main.cpp(476,22): warning C4018: '>': signed/unsigned mismatch
D:\Programming\C++\Derivative_Calculus\Derivative\Derivative_main.cpp(490,30): warning C4018: '<': signed/unsigned mismatch
D:\Programming\C++\Derivative_Calculus\Derivative\Derivative_main.cpp(543,20): warning C4018: '<': signed/unsigned mismatch
D:\Programming\C++\Derivative_Calculus\Derivative\Derivative_main.cpp(553,20): warning C4018: '<': signed/unsigned mismatch
D:\Programming\C++\Derivative_Calculus\Derivative\Derivative_main.cpp(555,72): warning C4244: '+=': conversion from 'double' to 'int', possible loss of data
D:\Programming\C++\Derivative_Calculus\Derivative\Derivative_main.cpp(558,63): warning C4244: '=': conversion from 'int' to 'float', possible loss of data
D:\Programming\C++\Derivative_Calculus\Derivative\Derivative_main.cpp(598,30): warning C4244: '=': conversion from 'float' to 'int', possible loss of data
D:\Programming\C++\Derivative_Calculus\Derivative\Derivative_main.cpp(618,30): warning C4244: '=': conversion from 'float' to 'int', possible loss of data
D:\Programming\C++\Derivative_Calculus\Derivative\Derivative_main.cpp(641,30): warning C4244: '=': conversion from 'float' to 'int', possible loss of data
D:\Programming\C++\Derivative_Calculus\Derivative\Derivative_main.cpp(650,30): warning C4305: '=': truncation from '__int64' to 'float'
D:\Programming\C++\Derivative_Calculus\Derivative\Derivative_main.cpp(651,27): warning C4244: '=': conversion from 'float' to 'int', possible loss of data
D:\Programming\C++\Derivative_Calculus\Derivative\Derivative_main.cpp(665,30): warning C4244: '=': conversion from 'float' to 'int', possible loss of data
D:\Programming\C++\Derivative_Calculus\Derivative\Derivative_main.cpp(684,23): warning C4244: '=': conversion from 'double' to 'float', possible loss of data
D:\Programming\C++\Derivative_Calculus\Derivative\Derivative_main.cpp(685,30): warning C4244: '=': conversion from 'float' to 'int', possible loss of data
D:\Programming\C++\Derivative_Calculus\Derivative\Derivative_main.cpp(714,31): warning C4305: '=': truncation from '__int64' to 'float'
D:\Programming\C++\Derivative_Calculus\Derivative\Derivative_main.cpp(721,29): warning C4244: '=': conversion from 'float' to 'int', possible loss of data
  Derivative.vcxproj -> D:\Programming\C++\Derivative_Calculus\Debug\Derivative.exe
